[03May2025 00:03:15.568] [Server thread/INFO] [net.minecraft.server.MinecraftServer/]: Emilianano has made the advancement [Apothic Affixes]
[03May2025 00:03:16.755] [Server thread/INFO] [net.minecraft.server.MinecraftServer/]: Emilianano has made the advancement [Not a Diamond]
[03May2025 00:03:20.857] [Server thread/INFO] [net.minecraft.server.MinecraftServer/]: Emilianano has made the advancement [I Found It Underground]
[03May2025 00:03:20.859] [Server thread/INFO] [net.minecraft.server.MinecraftServer/]: Emilianano has reached the goal [Worthy Equipment]
[03May2025 00:05:30.136] [Worker-Main-11/ERROR] [net.minecraft.world.entity.decoration.HangingEntity/]: Hanging entity at invalid position: BlockPos{x=-191, y=28, z=-589}
[03May2025 00:05:30.140] [Worker-Main-11/ERROR] [net.minecraft.world.entity.decoration.HangingEntity/]: Hanging entity at invalid position: BlockPos{x=-191, y=28, z=-587}
[03May2025 00:05:31.907] [Worker-Main-11/ERROR] [net.minecraft.world.entity.decoration.HangingEntity/]: Hanging entity at invalid position: BlockPos{x=-191, y=28, z=-589}
[03May2025 00:05:31.907] [Worker-Main-11/ERROR] [net.minecraft.world.entity.decoration.HangingEntity/]: Hanging entity at invalid position: BlockPos{x=-191, y=28, z=-587}
[03May2025 00:05:41.605] [Worker-Main-11/ERROR] [net.minecraft.world.entity.decoration.HangingEntity/]: Hanging entity at invalid position: BlockPos{x=-191, y=28, z=-589}
[03May2025 00:05:41.606] [Worker-Main-11/ERROR] [net.minecraft.world.entity.decoration.HangingEntity/]: Hanging entity at invalid position: BlockPos{x=-191, y=28, z=-587}
[03May2025 00:05:41.898] [Worker-Main-11/ERROR] [net.minecraft.world.entity.decoration.HangingEntity/]: Hanging entity at invalid position: BlockPos{x=-382, y=29, z=-611}
[03May2025 00:05:44.686] [Server thread/WARN] [net.minecraft.server.network.ServerGamePacketListenerImpl/]: Emilianano moved too quickly! 0.14690411312098206,-4.46484936732714,-9.086937515356567
[03May2025 00:05:44.704] [Server thread/WARN] [net.minecraft.server.MinecraftServer/]: Can't keep up! Is the server overloaded? Running 3038ms or 60 ticks behind
[03May2025 00:05:47.099] [Worker-Main-11/ERROR] [net.minecraft.world.entity.decoration.HangingEntity/]: Hanging entity at invalid position: BlockPos{x=-250, y=27, z=-536}
[03May2025 00:05:47.100] [Worker-Main-11/ERROR] [net.minecraft.world.entity.decoration.HangingEntity/]: Hanging entity at invalid position: BlockPos{x=-251, y=27, z=-536}
[03May2025 00:05:47.103] [Worker-Main-11/ERROR] [net.minecraft.world.entity.decoration.HangingEntity/]: Hanging entity at invalid position: BlockPos{x=-252, y=27, z=-536}
[03May2025 00:05:47.103] [Worker-Main-11/ERROR] [net.minecraft.world.entity.decoration.HangingEntity/]: Hanging entity at invalid position: BlockPos{x=-250, y=28, z=-536}
[03May2025 00:05:47.103] [Worker-Main-11/ERROR] [net.minecraft.world.entity.decoration.HangingEntity/]: Hanging entity at invalid position: BlockPos{x=-251, y=28, z=-536}
[03May2025 00:05:47.104] [Worker-Main-11/ERROR] [net.minecraft.world.entity.decoration.HangingEntity/]: Hanging entity at invalid position: BlockPos{x=-252, y=28, z=-536}
[03May2025 00:05:55.143] [Worker-Main-11/ERROR] [net.minecraft.world.entity.decoration.HangingEntity/]: Hanging entity at invalid position: BlockPos{x=-249, y=27, z=-561}
[03May2025 00:05:59.398] [Worker-Main-11/ERROR] [net.minecraft.world.entity.decoration.HangingEntity/]: Hanging entity at invalid position: BlockPos{x=-250, y=27, z=-536}
[03May2025 00:05:59.400] [Worker-Main-11/ERROR] [net.minecraft.world.entity.decoration.HangingEntity/]: Hanging entity at invalid position: BlockPos{x=-251, y=27, z=-536}
[03May2025 00:05:59.403] [Worker-Main-11/ERROR] [net.minecraft.world.entity.decoration.HangingEntity/]: Hanging entity at invalid position: BlockPos{x=-252, y=27, z=-536}
[03May2025 00:05:59.404] [Worker-Main-11/ERROR] [net.minecraft.world.entity.decoration.HangingEntity/]: Hanging entity at invalid position: BlockPos{x=-250, y=28, z=-536}
[03May2025 00:05:59.405] [Worker-Main-11/ERROR] [net.minecraft.world.entity.decoration.HangingEntity/]: Hanging entity at invalid position: BlockPos{x=-251, y=28, z=-536}
[03May2025 00:05:59.407] [Worker-Main-11/ERROR] [net.minecraft.world.entity.decoration.HangingEntity/]: Hanging entity at invalid position: BlockPos{x=-252, y=28, z=-536}
[03May2025 00:05:59.434] [Worker-Main-11/ERROR] [net.minecraft.world.entity.decoration.HangingEntity/]: Hanging entity at invalid position: BlockPos{x=-307, y=35, z=-536}
[03May2025 00:05:59.436] [Worker-Main-11/ERROR] [net.minecraft.world.entity.decoration.HangingEntity/]: Hanging entity at invalid position: BlockPos{x=-307, y=35, z=-537}
[03May2025 00:05:59.437] [Worker-Main-11/ERROR] [net.minecraft.world.entity.decoration.HangingEntity/]: Hanging entity at invalid position: BlockPos{x=-307, y=35, z=-535}
[03May2025 00:05:59.439] [Worker-Main-11/ERROR] [net.minecraft.world.entity.decoration.HangingEntity/]: Hanging entity at invalid position: BlockPos{x=-303, y=27, z=-539}
[03May2025 00:05:59.440] [Worker-Main-11/ERROR] [net.minecraft.world.entity.decoration.HangingEntity/]: Hanging entity at invalid position: BlockPos{x=-303, y=27, z=-533}
[03May2025 00:05:59.576] [Worker-Main-11/ERROR] [net.minecraft.world.entity.decoration.HangingEntity/]: Hanging entity at invalid position: BlockPos{x=-299, y=34, z=-537}
[03May2025 00:05:59.577] [Worker-Main-11/ERROR] [net.minecraft.world.entity.decoration.HangingEntity/]: Hanging entity at invalid position: BlockPos{x=-299, y=34, z=-536}
[03May2025 00:05:59.577] [Worker-Main-11/ERROR] [net.minecraft.world.entity.decoration.HangingEntity/]: Hanging entity at invalid position: BlockPos{x=-299, y=34, z=-535}
[03May2025 00:05:59.578] [Worker-Main-11/ERROR] [net.minecraft.world.entity.decoration.HangingEntity/]: Hanging entity at invalid position: BlockPos{x=-299, y=35, z=-537}
[03May2025 00:05:59.580] [Worker-Main-11/ERROR] [net.minecraft.world.entity.decoration.HangingEntity/]: Hanging entity at invalid position: BlockPos{x=-299, y=35, z=-536}
[03May2025 00:05:59.581] [Worker-Main-11/ERROR] [net.minecraft.world.entity.decoration.HangingEntity/]: Hanging entity at invalid position: BlockPos{x=-299, y=35, z=-535}
[03May2025 00:06:03.589] [Worker-Main-11/ERROR] [net.minecraft.world.entity.decoration.HangingEntity/]: Hanging entity at invalid position: BlockPos{x=-191, y=28, z=-589}
[03May2025 00:06:03.592] [Worker-Main-11/ERROR] [net.minecraft.world.entity.decoration.HangingEntity/]: Hanging entity at invalid position: BlockPos{x=-191, y=28, z=-587}
[03May2025 00:06:04.430] [Server thread/WARN] [net.minecraft.world.level.chunk.LevelChunk/]: Tried to load a DUMMY block entity @ BlockPos{x=109, y=62, z=-810} but found not block entity block Block{minecraft:water}[level=1] at location
[03May2025 00:06:04.432] [Server thread/WARN] [net.minecraft.world.level.chunk.LevelChunk/]: Tried to load a block entity for block Block{minecraft:water}[level=1] but failed at location BlockPos{x=109, y=62, z=-810}
[03May2025 00:06:15.325] [Server thread/WARN] [net.minecraft.server.MinecraftServer/]: Can't keep up! Is the server overloaded? Running 4159ms or 83 ticks behind
[03May2025 00:06:32.687] [Server thread/WARN] [net.minecraft.server.MinecraftServer/]: Can't keep up! Is the server overloaded? Running 2371ms or 47 ticks behind
[03May2025 00:06:39.877] [Server thread/INFO] [net.minecraft.world.entity.npc.Villager/]: Villager Villager['Unemployed'/3609, l='ServerLevel[world]', x=109.72, y=59.05, z=-812.37] died, message: 'Unemployed drowned'
[03May2025 00:06:39.883] [Server thread/INFO] [net.minecraft.world.entity.npc.Villager/]: Villager Villager['Nitwit'/3610, l='ServerLevel[world]', x=109.61, y=59.05, z=-808.59] died, message: 'Nitwit drowned'
[03May2025 00:08:19.084] [Server thread/INFO] [net.minecraft.server.MinecraftServer/]: Emilianano has made the advancement [Suit Up]
[03May2025 00:09:08.669] [Server thread/WARN] [net.minecraft.server.MinecraftServer/]: Can't keep up! Is the server overloaded? Running 2003ms or 40 ticks behind
[03May2025 00:12:45.939] [Server thread/INFO] [net.minecraft.server.network.ServerGamePacketListenerImpl/]: Emilianano lost connection: Disconnected
[03May2025 00:12:45.939] [Server thread/INFO] [net.minecraft.server.MinecraftServer/]: Emilianano left the game
[03May2025 00:12:59.674] [Server thread/INFO] [net.minecraft.server.MinecraftServer/]: Stopping the server
[03May2025 00:12:59.720] [Server thread/INFO] [net.minecraft.server.MinecraftServer/]: Stopping server
[03May2025 00:12:59.724] [Server thread/INFO] [net.minecraft.server.MinecraftServer/]: Saving players
[03May2025 00:12:59.724] [Server thread/INFO] [net.minecraft.server.MinecraftServer/]: Saving worlds
[03May2025 00:13:00.922] [Server thread/INFO] [net.minecraft.server.MinecraftServer/]: Saving chunks for level 'ServerLevel[world]'/minecraft:overworld
[03May2025 00:13:02.629] [Server thread/INFO] [net.minecraft.server.MinecraftServer/]: Saving chunks for level 'ServerLevel[world]'/theabyss:pocket_dimension
[03May2025 00:13:02.631] [Server thread/INFO] [net.minecraft.server.MinecraftServer/]: Saving chunks for level 'ServerLevel[world]'/minecraft:the_end
[03May2025 00:13:02.632] [Server thread/INFO] [net.minecraft.server.MinecraftServer/]: Saving chunks for level 'ServerLevel[world]'/theabyss:the_abyss
[03May2025 00:13:02.633] [Server thread/INFO] [net.minecraft.server.MinecraftServer/]: Saving chunks for level 'ServerLevel[world]'/theabyss:spectral_world
[03May2025 00:13:02.634] [Server thread/INFO] [net.minecraft.server.MinecraftServer/]: Saving chunks for level 'ServerLevel[world]'/theabyss:frost_world
[03May2025 00:13:02.635] [Server thread/INFO] [net.minecraft.server.MinecraftServer/]: Saving chunks for level 'ServerLevel[world]'/twilightforest:twilight_forest
[03May2025 00:13:02.637] [Server thread/INFO] [net.minecraft.server.MinecraftServer/]: Saving chunks for level 'ServerLevel[world]'/deeperdarker:otherside
[03May2025 00:13:02.639] [Server thread/INFO] [net.minecraft.server.MinecraftServer/]: Saving chunks for level 'ServerLevel[world]'/minecraft:the_nether
[03May2025 00:13:02.641] [Server thread/INFO] [net.minecraft.server.MinecraftServer/]: Saving chunks for level 'ServerLevel[world]'/graveyard:past
[03May2025 00:13:02.765] [Server thread/INFO] [net.minecraft.server.MinecraftServer/]: ThreadedAnvilChunkStorage (world): All chunks are saved
[03May2025 00:13:02.765] [Server thread/INFO] [net.minecraft.server.MinecraftServer/]: ThreadedAnvilChunkStorage (pocket_dimension): All chunks are saved
[03May2025 00:13:02.766] [Server thread/INFO] [net.minecraft.server.MinecraftServer/]: ThreadedAnvilChunkStorage (DIM1): All chunks are saved
[03May2025 00:13:02.766] [Server thread/INFO] [net.minecraft.server.MinecraftServer/]: ThreadedAnvilChunkStorage (the_abyss): All chunks are saved
[03May2025 00:13:02.766] [Server thread/INFO] [net.minecraft.server.MinecraftServer/]: ThreadedAnvilChunkStorage (spectral_world): All chunks are saved
[03May2025 00:13:02.766] [Server thread/INFO] [net.minecraft.server.MinecraftServer/]: ThreadedAnvilChunkStorage (frost_world): All chunks are saved
[03May2025 00:13:02.766] [Server thread/INFO] [net.minecraft.server.MinecraftServer/]: ThreadedAnvilChunkStorage (twilight_forest): All chunks are saved
[03May2025 00:13:02.766] [Server thread/INFO] [net.minecraft.server.MinecraftServer/]: ThreadedAnvilChunkStorage (otherside): All chunks are saved
[03May2025 00:13:02.766] [Server thread/INFO] [net.minecraft.server.MinecraftServer/]: ThreadedAnvilChunkStorage (DIM-1): All chunks are saved
[03May2025 00:13:02.766] [Server thread/INFO] [net.minecraft.server.MinecraftServer/]: ThreadedAnvilChunkStorage (past): All chunks are saved
[03May2025 00:13:02.766] [Server thread/INFO] [net.minecraft.server.MinecraftServer/]: ThreadedAnvilChunkStorage: All dimensions are saved
[03May2025 00:13:02.811] [Server thread/INFO] [journeymap/]: Loading JourneyMap Forge Configs
